<?xml version="1.0" encoding="UTF-8"?>
<!-- Generated by org.testng.reporters.JUnitXMLReporter -->
<testsuite hostname="DESKTOP-PUSLS92" ignored="0" name="Test" tests="2" failures="0" timestamp="05 Jan 2018 10:02:40 GMT" time="56.3" errors="0">
  <testcase name="@BeforeMethod register" time="56.212" classname="com.execution.Runner">
    <failure type="java.lang.NullPointerException">
      <![CDATA[java.lang.NullPointerException
	at com.execution.Runner.register(Runner.java:63)
... Removed 27 stack frames]]>
    </failure>
  </testcase> <!-- @BeforeMethod register -->
  <testcase name="regester" time="0.001" classname="com.execution.Runner">
    <skipped/>
  </testcase> <!-- regester -->
  <testcase name="login" time="0.0" classname="com.execution.Runner">
    <skipped/>
  </testcase> <!-- login -->
</testsuite> <!-- Test -->
